2026-06-16T14:31:05.573Z [launcher]   Erreur batch pré-sync, tentative individuelle...
2026-06-16T14:32:04.726Z [launcher]   prisma migrate deploy échoué: Error: P3005

The database schema is not empty. Read more about how to baseline an existing production database: https://pris.ly/d/migrate-baseline


2026-06-16T14:34:50.228Z [launcher] Serveur non joignable après 60 tentatives
2026-06-16T14:34:50.228Z [launcher] Le serveur n'a pas démarré correctement
2026-06-16T14:34:50.229Z [launcher] Serveur non joignable après 60 tentatives
2026-06-16T14:34:50.230Z [launcher] Le serveur n'a pas démarré correctement
2026-06-16T14:34:50.231Z [launcher] Serveur non joignable après 60 tentatives
2026-06-16T14:34:50.231Z [launcher] Le serveur n'a pas démarré correctement
2026-06-16T14:34:50.232Z [launcher] Serveur non joignable après 60 tentatives
2026-06-16T14:34:50.232Z [launcher] Le serveur n'a pas démarré correctement
2026-06-16T14:34:50.233Z [launcher] Serveur non joignable après 60 tentatives
2026-06-16T14:34:50.233Z [launcher] Le serveur n'a pas démarré correctement
2026-06-16T14:34:50.234Z [launcher] Serveur non joignable après 60 tentatives
2026-06-16T14:34:50.234Z [launcher] Le serveur n'a pas démarré correctement
2026-06-16T14:34:50.235Z [launcher] Serveur non joignable après 60 tentatives
2026-06-16T14:34:50.235Z [launcher] Le serveur n'a pas démarré correctement
2026-06-16T14:34:50.236Z [launcher] Serveur non joignable après 60 tentatives
2026-06-16T14:34:50.236Z [launcher] Le serveur n'a pas démarré correctement
2026-06-16T14:34:50.237Z [launcher] Serveur non joignable après 60 tentatives
2026-06-16T14:34:50.237Z [launcher] Le serveur n'a pas démarré correctement
2026-06-16T14:34:53.362Z [launcher] Serveur non joignable après 60 tentatives
2026-06-16T14:34:53.362Z [launcher] Le serveur n'a pas démarré correctement
2026-06-16T14:34:53.363Z [launcher] Serveur non joignable après 60 tentatives
2026-06-16T14:34:53.363Z [launcher] Le serveur n'a pas démarré correctement
2026-06-16T14:34:53.364Z [launcher] Serveur non joignable après 60 tentatives
2026-06-16T14:34:53.364Z [launcher] Le serveur n'a pas démarré correctement
2026-06-16T14:34:53.365Z [launcher] Serveur non joignable après 60 tentatives
2026-06-16T14:34:53.365Z [launcher] Le serveur n'a pas démarré correctement
2026-06-16T14:34:53.366Z [launcher] Serveur non joignable après 60 tentatives
2026-06-16T14:34:53.366Z [launcher] Le serveur n'a pas démarré correctement
2026-06-16T14:34:53.367Z [launcher] Serveur non joignable après 60 tentatives
2026-06-16T14:34:53.367Z [launcher] Le serveur n'a pas démarré correctement
2026-06-16T14:34:53.368Z [launcher] Serveur non joignable après 60 tentatives
2026-06-16T14:34:53.368Z [launcher] Le serveur n'a pas démarré correctement
2026-06-16T14:34:53.369Z [launcher] Serveur non joignable après 60 tentatives
2026-06-16T14:34:53.369Z [launcher] Le serveur n'a pas démarré correctement
2026-06-16T14:34:53.370Z [launcher] Serveur non joignable après 60 tentatives
2026-06-16T14:34:53.370Z [launcher] Le serveur n'a pas démarré correctement
2026-06-16T14:34:53.370Z [launcher] Serveur non joignable après 60 tentatives
2026-06-16T14:34:53.371Z [launcher] Le serveur n'a pas démarré correctement
2026-06-16T14:34:53.371Z [launcher] Serveur non joignable après 60 tentatives
2026-06-16T14:34:53.372Z [launcher] Le serveur n'a pas démarré correctement
2026-06-16T14:34:53.372Z [launcher] Serveur non joignable après 60 tentatives
2026-06-16T14:34:53.372Z [launcher] Le serveur n'a pas démarré correctement
2026-06-16T14:34:53.373Z [launcher] Serveur non joignable après 60 tentatives
2026-06-16T14:34:53.373Z [launcher] Le serveur n'a pas démarré correctement
2026-06-16T14:34:53.374Z [launcher] Serveur non joignable après 60 tentatives
2026-06-16T14:34:53.374Z [launcher] Le serveur n'a pas démarré correctement
2026-06-16T14:34:53.375Z [launcher] Serveur non joignable après 60 tentatives
2026-06-16T14:34:53.375Z [launcher] Le serveur n'a pas démarré correctement
2026-06-16T14:34:53.376Z [launcher] Serveur non joignable après 60 tentatives
2026-06-16T14:34:53.376Z [launcher] Le serveur n'a pas démarré correctement
2026-06-16T14:34:53.377Z [launcher] Serveur non joignable après 60 tentatives
2026-06-16T14:34:53.377Z [launcher] Le serveur n'a pas démarré correctement
2026-06-16T14:34:53.606Z [launcher] Serveur non joignable après 60 tentatives
2026-06-16T14:34:53.607Z [launcher] Le serveur n'a pas démarré correctement
2026-06-16T14:34:53.659Z [launcher] Serveur non joignable après 60 tentatives
2026-06-16T14:34:53.659Z [launcher] Le serveur n'a pas démarré correctement
2026-06-16T14:34:53.660Z [launcher] Serveur non joignable après 60 tentatives
2026-06-16T14:34:53.660Z [launcher] Le serveur n'a pas démarré correctement
2026-06-16T14:34:53.665Z [launcher] Serveur non joignable après 60 tentatives
2026-06-16T14:34:53.665Z [launcher] Le serveur n'a pas démarré correctement
2026-06-16T14:34:53.666Z [launcher] Serveur non joignable après 60 tentatives
2026-06-16T14:34:53.667Z [launcher] Le serveur n'a pas démarré correctement
2026-06-16T14:34:53.667Z [launcher] Serveur non joignable après 60 tentatives
2026-06-16T14:34:53.668Z [launcher] Le serveur n'a pas démarré correctement
2026-06-16T14:34:53.669Z [launcher] Serveur non joignable après 60 tentatives
2026-06-16T14:34:53.669Z [launcher] Le serveur n'a pas démarré correctement
2026-06-16T14:34:53.670Z [launcher] Serveur non joignable après 60 tentatives
2026-06-16T14:34:53.670Z [launcher] Le serveur n'a pas démarré correctement
2026-06-16T14:34:53.671Z [launcher] Serveur non joignable après 60 tentatives
2026-06-16T14:34:53.671Z [launcher] Le serveur n'a pas démarré correctement
2026-06-16T14:34:53.672Z [launcher] Serveur non joignable après 60 tentatives
2026-06-16T14:34:53.672Z [launcher] Le serveur n'a pas démarré correctement
2026-06-16T14:34:53.673Z [launcher] Serveur non joignable après 60 tentatives
2026-06-16T14:34:53.673Z [launcher] Le serveur n'a pas démarré correctement
2026-06-16T14:34:53.674Z [launcher] Serveur non joignable après 60 tentatives
2026-06-16T14:34:53.674Z [launcher] Le serveur n'a pas démarré correctement
2026-06-16T14:34:53.675Z [launcher] Serveur non joignable après 60 tentatives
2026-06-16T14:34:53.675Z [launcher] Le serveur n'a pas démarré correctement
2026-06-16T14:35:06.160Z [launcher] Serveur non joignable après 60 tentatives
2026-06-16T14:35:06.160Z [launcher] Le serveur n'a pas démarré correctement
2026-06-16T14:35:06.161Z [launcher] Serveur non joignable après 60 tentatives
2026-06-16T14:35:06.161Z [launcher] Le serveur n'a pas démarré correctement
2026-06-16T14:35:06.162Z [launcher] Serveur non joignable après 60 tentatives
2026-06-16T14:35:06.162Z [launcher] Le serveur n'a pas démarré correctement
2026-06-16T14:35:06.162Z [launcher] Serveur non joignable après 60 tentatives
2026-06-16T14:35:06.163Z [launcher] Le serveur n'a pas démarré correctement
2026-06-16T14:35:06.163Z [launcher] Serveur non joignable après 60 tentatives
2026-06-16T14:35:06.164Z [launcher] Le serveur n'a pas démarré correctement
2026-06-16T14:35:06.164Z [launcher] Serveur non joignable après 60 tentatives
2026-06-16T14:35:06.165Z [launcher] Le serveur n'a pas démarré correctement
2026-06-16T14:35:06.165Z [launcher] Serveur non joignable après 60 tentatives
2026-06-16T14:35:06.166Z [launcher] Le serveur n'a pas démarré correctement
2026-06-16T14:35:06.166Z [launcher] Serveur non joignable après 60 tentatives
2026-06-16T14:35:06.167Z [launcher] Le serveur n'a pas démarré correctement
2026-06-16T14:35:06.167Z [launcher] Serveur non joignable après 60 tentatives
2026-06-16T14:35:06.168Z [launcher] Le serveur n'a pas démarré correctement
2026-06-16T14:35:06.168Z [launcher] Serveur non joignable après 60 tentatives
2026-06-16T14:35:06.169Z [launcher] Le serveur n'a pas démarré correctement
2026-06-16T14:35:06.169Z [launcher] Serveur non joignable après 60 tentatives
2026-06-16T14:35:06.169Z [launcher] Le serveur n'a pas démarré correctement
2026-06-16T14:35:06.170Z [launcher] Serveur non joignable après 60 tentatives
2026-06-16T14:35:06.170Z [launcher] Le serveur n'a pas démarré correctement
2026-06-16T14:35:06.171Z [launcher] Serveur non joignable après 60 tentatives
2026-06-16T14:35:06.171Z [launcher] Le serveur n'a pas démarré correctement
2026-06-16T14:35:06.172Z [launcher] Serveur non joignable après 60 tentatives
2026-06-16T14:35:06.172Z [launcher] Le serveur n'a pas démarré correctement
2026-06-16T14:35:06.173Z [launcher] Serveur non joignable après 60 tentatives
2026-06-16T14:35:06.173Z [launcher] Le serveur n'a pas démarré correctement
2026-06-16T14:35:06.174Z [launcher] Serveur non joignable après 60 tentatives
2026-06-16T14:35:06.174Z [launcher] Le serveur n'a pas démarré correctement
2026-06-16T14:35:06.175Z [launcher] Serveur non joignable après 60 tentatives
2026-06-16T14:35:06.175Z [launcher] Le serveur n'a pas démarré correctement
2026-06-16T14:35:06.175Z [launcher] Serveur non joignable après 60 tentatives
2026-06-16T14:35:06.176Z [launcher] Le serveur n'a pas démarré correctement
2026-06-16T14:35:06.441Z [launcher] Serveur non joignable après 60 tentatives
2026-06-16T14:35:06.441Z [launcher] Le serveur n'a pas démarré correctement
2026-06-16T14:35:06.442Z [launcher] Serveur non joignable après 60 tentatives
2026-06-16T14:35:06.442Z [launcher] Le serveur n'a pas démarré correctement
2026-06-16T14:35:06.443Z [launcher] Serveur non joignable après 60 tentatives
2026-06-16T14:35:06.443Z [launcher] Le serveur n'a pas démarré correctement
2026-06-16T14:35:06.484Z [launcher] Serveur non joignable après 60 tentatives
2026-06-16T14:35:06.500Z [launcher] Le serveur n'a pas démarré correctement
2026-06-16T14:35:06.520Z [launcher] Serveur non joignable après 60 tentatives
2026-06-16T14:35:06.521Z [launcher] Le serveur n'a pas démarré correctement
2026-06-16T14:35:06.521Z [launcher] Serveur non joignable après 60 tentatives
2026-06-16T14:35:06.522Z [launcher] Le serveur n'a pas démarré correctement
2026-06-16T14:35:06.522Z [launcher] Serveur non joignable après 60 tentatives
2026-06-16T14:35:06.523Z [launcher] Le serveur n'a pas démarré correctement
2026-06-16T14:35:06.523Z [launcher] Serveur non joignable après 60 tentatives
2026-06-16T14:35:06.524Z [launcher] Le serveur n'a pas démarré correctement
2026-06-16T14:35:06.524Z [launcher] Serveur non joignable après 60 tentatives
2026-06-16T14:35:06.530Z [launcher] Le serveur n'a pas démarré correctement
2026-06-16T14:35:06.531Z [launcher] Serveur non joignable après 60 tentatives
2026-06-16T14:35:06.532Z [launcher] Le serveur n'a pas démarré correctement
2026-06-16T14:35:06.533Z [launcher] Serveur non joignable après 60 tentatives
2026-06-16T14:35:06.533Z [launcher] Le serveur n'a pas démarré correctement
2026-06-16T14:35:06.534Z [launcher] Serveur non joignable après 60 tentatives
2026-06-16T14:35:06.540Z [launcher] Le serveur n'a pas démarré correctement
2026-06-16T14:35:06.541Z [launcher] Serveur non joignable après 60 tentatives
2026-06-16T14:35:06.542Z [launcher] Le serveur n'a pas démarré correctement
2026-06-16T14:35:06.542Z [launcher] Serveur non joignable après 60 tentatives
2026-06-16T14:35:06.543Z [launcher] Le serveur n'a pas démarré correctement
2026-06-16T14:35:06.543Z [launcher] Serveur non joignable après 60 tentatives
2026-06-16T14:35:06.544Z [launcher] Le serveur n'a pas démarré correctement
2026-06-16T14:35:06.544Z [launcher] Serveur non joignable après 60 tentatives
2026-06-16T14:35:06.545Z [launcher] Le serveur n'a pas démarré correctement
2026-06-16T14:35:06.545Z [launcher] Serveur non joignable après 60 tentatives
2026-06-16T14:35:06.546Z [launcher] Le serveur n'a pas démarré correctement
2026-06-16T14:35:06.547Z [launcher] Serveur non joignable après 60 tentatives
2026-06-16T14:35:06.548Z [launcher] Le serveur n'a pas démarré correctement
2026-06-16T14:35:06.548Z [launcher] Serveur non joignable après 60 tentatives
2026-06-16T14:35:06.549Z [launcher] Le serveur n'a pas démarré correctement
2026-06-16T14:35:06.550Z [launcher] Serveur non joignable après 60 tentatives
2026-06-16T14:35:06.550Z [launcher] Le serveur n'a pas démarré correctement
2026-06-16T14:35:06.551Z [launcher] Serveur non joignable après 60 tentatives
2026-06-16T14:35:06.551Z [launcher] Le serveur n'a pas démarré correctement
2026-06-16T14:35:06.552Z [launcher] Serveur non joignable après 60 tentatives
2026-06-16T14:35:06.552Z [launcher] Le serveur n'a pas démarré correctement
2026-06-16T14:35:06.553Z [launcher] Serveur non joignable après 60 tentatives
2026-06-16T14:35:06.553Z [launcher] Le serveur n'a pas démarré correctement
2026-06-16T14:35:06.681Z [launcher] Serveur non joignable après 60 tentatives
2026-06-16T14:35:06.682Z [launcher] Le serveur n'a pas démarré correctement
2026-06-16T14:35:06.683Z [launcher] Serveur non joignable après 60 tentatives
2026-06-16T14:35:06.683Z [launcher] Le serveur n'a pas démarré correctement
2026-06-16T14:35:06.684Z [launcher] Serveur non joignable après 60 tentatives
2026-06-16T14:35:06.684Z [launcher] Le serveur n'a pas démarré correctement
2026-06-16T14:35:06.685Z [launcher] Serveur non joignable après 60 tentatives
2026-06-16T14:35:06.685Z [launcher] Le serveur n'a pas démarré correctement
2026-06-16T14:35:06.686Z [launcher] Serveur non joignable après 60 tentatives
2026-06-16T14:35:06.686Z [launcher] Le serveur n'a pas démarré correctement
2026-06-16T14:35:06.687Z [launcher] Serveur non joignable après 60 tentatives
2026-06-16T14:35:06.687Z [launcher] Le serveur n'a pas démarré correctement
2026-06-16T14:35:06.688Z [launcher] Serveur non joignable après 60 tentatives
2026-06-16T14:35:06.688Z [launcher] Le serveur n'a pas démarré correctement
2026-06-16T14:35:06.689Z [launcher] Serveur non joignable après 60 tentatives
2026-06-16T14:35:06.689Z [launcher] Le serveur n'a pas démarré correctement
2026-06-16T14:35:06.690Z [launcher] Serveur non joignable après 60 tentatives
2026-06-16T14:35:06.690Z [launcher] Le serveur n'a pas démarré correctement
2026-06-16T14:35:06.691Z [launcher] Serveur non joignable après 60 tentatives
2026-06-16T14:35:06.692Z [launcher] Le serveur n'a pas démarré correctement
2026-06-16T14:35:06.692Z [launcher] Serveur non joignable après 60 tentatives
2026-06-16T14:35:06.692Z [launcher] Le serveur n'a pas démarré correctement
2026-06-16T14:35:06.693Z [launcher] Serveur non joignable après 60 tentatives
2026-06-16T14:35:06.693Z [launcher] Le serveur n'a pas démarré correctement
2026-06-16T14:35:06.694Z [launcher] Serveur non joignable après 60 tentatives
2026-06-16T14:35:06.694Z [launcher] Le serveur n'a pas démarré correctement
2026-06-16T14:35:06.695Z [launcher] Serveur non joignable après 60 tentatives
2026-06-16T14:35:06.696Z [launcher] Le serveur n'a pas démarré correctement
2026-06-16T14:35:06.843Z [launcher] Serveur non joignable après 60 tentatives
2026-06-16T14:35:06.843Z [launcher] Le serveur n'a pas démarré correctement
2026-06-16T14:35:06.844Z [launcher] Serveur non joignable après 60 tentatives
2026-06-16T14:35:06.844Z [launcher] Le serveur n'a pas démarré correctement
2026-06-16T14:35:06.855Z [launcher] Serveur non joignable après 60 tentatives
2026-06-16T14:35:06.855Z [launcher] Le serveur n'a pas démarré correctement
2026-06-16T14:35:06.856Z [launcher] Serveur non joignable après 60 tentatives
2026-06-16T14:35:06.856Z [launcher] Le serveur n'a pas démarré correctement
2026-06-16T14:35:06.857Z [launcher] Serveur non joignable après 60 tentatives
2026-06-16T14:35:06.857Z [launcher] Le serveur n'a pas démarré correctement
2026-06-16T14:35:06.858Z [launcher] Serveur non joignable après 60 tentatives
2026-06-16T14:35:06.858Z [launcher] Le serveur n'a pas démarré correctement
2026-06-16T14:35:06.859Z [launcher] Serveur non joignable après 60 tentatives
2026-06-16T14:35:06.859Z [launcher] Le serveur n'a pas démarré correctement
2026-06-16T14:35:06.860Z [launcher] Serveur non joignable après 60 tentatives
2026-06-16T14:35:06.860Z [launcher] Le serveur n'a pas démarré correctement
2026-06-16T14:35:06.861Z [launcher] Serveur non joignable après 60 tentatives
2026-06-16T14:35:06.861Z [launcher] Le serveur n'a pas démarré correctement
2026-06-16T14:35:06.862Z [launcher] Serveur non joignable après 60 tentatives
2026-06-16T14:35:06.862Z [launcher] Le serveur n'a pas démarré correctement
2026-06-16T14:35:06.862Z [launcher] Serveur non joignable après 60 tentatives
2026-06-16T14:35:06.863Z [launcher] Le serveur n'a pas démarré correctement
2026-06-16T14:35:06.863Z [launcher] Serveur non joignable après 60 tentatives
2026-06-16T14:35:06.864Z [launcher] Le serveur n'a pas démarré correctement
2026-06-16T14:35:06.864Z [launcher] Serveur non joignable après 60 tentatives
2026-06-16T14:35:06.865Z [launcher] Le serveur n'a pas démarré correctement
2026-06-16T14:35:06.865Z [launcher] Serveur non joignable après 60 tentatives
2026-06-16T14:35:06.866Z [launcher] Le serveur n'a pas démarré correctement
2026-06-16T14:35:06.866Z [launcher] Serveur non joignable après 60 tentatives
2026-06-16T14:35:06.867Z [launcher] Le serveur n'a pas démarré correctement
2026-06-16T14:35:06.867Z [launcher] Serveur non joignable après 60 tentatives
2026-06-16T14:35:06.868Z [launcher] Le serveur n'a pas démarré correctement
2026-06-16T14:35:06.868Z [launcher] Serveur non joignable après 60 tentatives
2026-06-16T14:35:06.869Z [launcher] Le serveur n'a pas démarré correctement
2026-06-16T14:35:06.869Z [launcher] Serveur non joignable après 60 tentatives
2026-06-16T14:35:06.870Z [launcher] Le serveur n'a pas démarré correctement
2026-06-16T14:35:06.870Z [launcher] Serveur non joignable après 60 tentatives
2026-06-16T14:35:06.871Z [launcher] Le serveur n'a pas démarré correctement
2026-06-16T14:35:06.871Z [launcher] Serveur non joignable après 60 tentatives
2026-06-16T14:35:06.872Z [launcher] Le serveur n'a pas démarré correctement
2026-06-16T14:35:06.872Z [launcher] Serveur non joignable après 60 tentatives
2026-06-16T14:35:06.873Z [launcher] Le serveur n'a pas démarré correctement
2026-06-16T14:35:06.873Z [launcher] Serveur non joignable après 60 tentatives
2026-06-16T14:35:06.874Z [launcher] Le serveur n'a pas démarré correctement
2026-06-16T14:35:06.874Z [launcher] Serveur non joignable après 60 tentatives
2026-06-16T14:35:06.875Z [launcher] Le serveur n'a pas démarré correctement
2026-06-16T14:35:06.875Z [launcher] Serveur non joignable après 60 tentatives
2026-06-16T14:35:06.876Z [launcher] Le serveur n'a pas démarré correctement
2026-06-16T14:35:06.876Z [launcher] Serveur non joignable après 60 tentatives
2026-06-16T14:35:06.876Z [launcher] Le serveur n'a pas démarré correctement
2026-06-16T14:35:06.888Z [launcher] Serveur non joignable après 60 tentatives
2026-06-16T14:35:06.889Z [launcher] Le serveur n'a pas démarré correctement
2026-06-16T14:35:06.889Z [launcher] Serveur non joignable après 60 tentatives
2026-06-16T14:35:06.890Z [launcher] Le serveur n'a pas démarré correctement
2026-06-16T14:35:06.890Z [launcher] Serveur non joignable après 60 tentatives
2026-06-16T14:35:06.891Z [launcher] Le serveur n'a pas démarré correctement
2026-06-16T14:35:06.891Z [launcher] Serveur non joignable après 60 tentatives
2026-06-16T14:35:06.891Z [launcher] Le serveur n'a pas démarré correctement
2026-06-16T14:35:06.892Z [launcher] Serveur non joignable après 60 tentatives
2026-06-16T14:35:06.892Z [launcher] Le serveur n'a pas démarré correctement
2026-06-16T14:35:06.893Z [launcher] Serveur non joignable après 60 tentatives
2026-06-16T14:35:06.894Z [launcher] Le serveur n'a pas démarré correctement
2026-06-16T14:35:06.894Z [launcher] Serveur non joignable après 60 tentatives
2026-06-16T14:35:06.895Z [launcher] Le serveur n'a pas démarré correctement
2026-06-16T14:35:06.961Z [launcher] Serveur non joignable après 60 tentatives
2026-06-16T14:35:06.961Z [launcher] Le serveur n'a pas démarré correctement
2026-06-16T14:35:06.962Z [launcher] Serveur non joignable après 60 tentatives
2026-06-16T14:35:06.962Z [launcher] Le serveur n'a pas démarré correctement
2026-06-16T14:35:06.963Z [launcher] Serveur non joignable après 60 tentatives
2026-06-16T14:35:06.964Z [launcher] Le serveur n'a pas démarré correctement
2026-06-16T14:35:06.965Z [launcher] Serveur non joignable après 60 tentatives
2026-06-16T14:35:06.965Z [launcher] Le serveur n'a pas démarré correctement
2026-06-16T14:35:06.966Z [launcher] Serveur non joignable après 60 tentatives
2026-06-16T14:35:06.966Z [launcher] Le serveur n'a pas démarré correctement
2026-06-16T14:35:06.967Z [launcher] Serveur non joignable après 60 tentatives
2026-06-16T14:35:06.967Z [launcher] Le serveur n'a pas démarré correctement
2026-06-16T14:35:06.968Z [launcher] Serveur non joignable après 60 tentatives
2026-06-16T14:35:06.968Z [launcher] Le serveur n'a pas démarré correctement
2026-06-16T14:35:06.969Z [launcher] Serveur non joignable après 60 tentatives
2026-06-16T14:35:06.969Z [launcher] Le serveur n'a pas démarré correctement
2026-06-16T14:35:06.970Z [launcher] Serveur non joignable après 60 tentatives
2026-06-16T14:35:06.970Z [launcher] Le serveur n'a pas démarré correctement
2026-06-16T14:35:10.904Z [launcher] Serveur non joignable après 60 tentatives
2026-06-16T14:35:10.905Z [launcher] Le serveur n'a pas démarré correctement
2026-06-16T14:35:10.905Z [launcher] Serveur non joignable après 60 tentatives
2026-06-16T14:35:10.906Z [launcher] Le serveur n'a pas démarré correctement
2026-06-16T14:35:10.907Z [launcher] Serveur non joignable après 60 tentatives
2026-06-16T14:35:10.907Z [launcher] Le serveur n'a pas démarré correctement
2026-06-16T14:35:10.909Z [launcher] Serveur non joignable après 60 tentatives
2026-06-16T14:35:10.909Z [launcher] Le serveur n'a pas démarré correctement
2026-06-16T14:35:10.910Z [launcher] Serveur non joignable après 60 tentatives
2026-06-16T14:35:10.911Z [launcher] Le serveur n'a pas démarré correctement
2026-06-16T14:35:10.912Z [launcher] Serveur non joignable après 60 tentatives
2026-06-16T14:35:10.912Z [launcher] Le serveur n'a pas démarré correctement
2026-06-16T14:35:10.913Z [launcher] Serveur non joignable après 60 tentatives
2026-06-16T14:35:10.913Z [launcher] Le serveur n'a pas démarré correctement
2026-06-16T14:35:10.914Z [launcher] Serveur non joignable après 60 tentatives
2026-06-16T14:35:10.914Z [launcher] Le serveur n'a pas démarré correctement
2026-06-16T14:35:10.915Z [launcher] Serveur non joignable après 60 tentatives
2026-06-16T14:35:10.915Z [launcher] Le serveur n'a pas démarré correctement
2026-06-16T14:35:10.916Z [launcher] Serveur non joignable après 60 tentatives
2026-06-16T14:35:10.916Z [launcher] Le serveur n'a pas démarré correctement
2026-06-16T14:35:10.917Z [launcher] Serveur non joignable après 60 tentatives
2026-06-16T14:35:10.917Z [launcher] Le serveur n'a pas démarré correctement
2026-06-16T14:35:10.917Z [launcher] Serveur non joignable après 60 tentatives
2026-06-16T14:35:10.918Z [launcher] Le serveur n'a pas démarré correctement
2026-06-16T14:35:10.918Z [launcher] Serveur non joignable après 60 tentatives
2026-06-16T14:35:10.919Z [launcher] Le serveur n'a pas démarré correctement
2026-06-16T14:35:10.920Z [launcher] Serveur non joignable après 60 tentatives
2026-06-16T14:35:10.920Z [launcher] Le serveur n'a pas démarré correctement
2026-06-16T14:35:10.921Z [launcher] Serveur non joignable après 60 tentatives
2026-06-16T14:35:10.921Z [launcher] Le serveur n'a pas démarré correctement
2026-06-16T14:35:10.922Z [launcher] Serveur non joignable après 60 tentatives
2026-06-16T14:35:10.922Z [launcher] Le serveur n'a pas démarré correctement
2026-06-16T14:35:10.923Z [launcher] Serveur non joignable après 60 tentatives
2026-06-16T14:35:10.923Z [launcher] Le serveur n'a pas démarré correctement
2026-06-16T14:35:10.924Z [launcher] Serveur non joignable après 60 tentatives
2026-06-16T14:35:10.925Z [launcher] Le serveur n'a pas démarré correctement
2026-06-16T14:35:10.925Z [launcher] Serveur non joignable après 60 tentatives
2026-06-16T14:35:10.926Z [launcher] Le serveur n'a pas démarré correctement
2026-06-16T14:35:11.050Z [launcher] Serveur non joignable après 60 tentatives
2026-06-16T14:35:11.051Z [launcher] Le serveur n'a pas démarré correctement
2026-06-16T14:35:11.052Z [launcher] Serveur non joignable après 60 tentatives
2026-06-16T14:35:11.052Z [launcher] Le serveur n'a pas démarré correctement
2026-06-16T14:35:11.053Z [launcher] Serveur non joignable après 60 tentatives
2026-06-16T14:35:11.053Z [launcher] Le serveur n'a pas démarré correctement
2026-06-16T14:35:11.054Z [launcher] Serveur non joignable après 60 tentatives
2026-06-16T14:35:11.055Z [launcher] Le serveur n'a pas démarré correctement
2026-06-16T14:35:11.056Z [launcher] Serveur non joignable après 60 tentatives
2026-06-16T14:35:11.057Z [launcher] Le serveur n'a pas démarré correctement
2026-06-16T14:35:11.058Z [launcher] Serveur non joignable après 60 tentatives
2026-06-16T14:35:11.059Z [launcher] Le serveur n'a pas démarré correctement
2026-06-16T14:35:11.059Z [launcher] Serveur non joignable après 60 tentatives
2026-06-16T14:35:11.060Z [launcher] Le serveur n'a pas démarré correctement
2026-06-16T14:35:11.061Z [launcher] Serveur non joignable après 60 tentatives
2026-06-16T14:35:11.061Z [launcher] Le serveur n'a pas démarré correctement
2026-06-16T14:35:11.062Z [launcher] Serveur non joignable après 60 tentatives
2026-06-16T14:35:11.062Z [launcher] Le serveur n'a pas démarré correctement
2026-06-16T14:35:11.063Z [launcher] Serveur non joignable après 60 tentatives
2026-06-16T14:35:11.063Z [launcher] Le serveur n'a pas démarré correctement
2026-06-16T14:35:11.065Z [launcher] Serveur non joignable après 60 tentatives
2026-06-16T14:35:11.066Z [launcher] Le serveur n'a pas démarré correctement
2026-06-16T14:35:11.066Z [launcher] Serveur non joignable après 60 tentatives
2026-06-16T14:35:11.067Z [launcher] Le serveur n'a pas démarré correctement
2026-06-16T14:35:11.067Z [launcher] Serveur non joignable après 60 tentatives
2026-06-16T14:35:11.068Z [launcher] Le serveur n'a pas démarré correctement
2026-06-16T14:35:11.068Z [launcher] Serveur non joignable après 60 tentatives
2026-06-16T14:35:11.070Z [launcher] Le serveur n'a pas démarré correctement
2026-06-16T14:35:11.071Z [launcher] Serveur non joignable après 60 tentatives
2026-06-16T14:35:11.071Z [launcher] Le serveur n'a pas démarré correctement
2026-06-16T14:35:11.072Z [launcher] Serveur non joignable après 60 tentatives
2026-06-16T14:35:11.072Z [launcher] Le serveur n'a pas démarré correctement
2026-06-16T14:35:11.073Z [launcher] Serveur non joignable après 60 tentatives
2026-06-16T14:35:11.074Z [launcher] Le serveur n'a pas démarré correctement
2026-06-16T14:35:11.074Z [launcher] Serveur non joignable après 60 tentatives
2026-06-16T14:35:11.075Z [launcher] Le serveur n'a pas démarré correctement
2026-06-16T14:35:11.075Z [launcher] Serveur non joignable après 60 tentatives
2026-06-16T14:35:11.076Z [launcher] Le serveur n'a pas démarré correctement
2026-06-16T14:35:11.076Z [launcher] Serveur non joignable après 60 tentatives
2026-06-16T14:35:11.077Z [launcher] Le serveur n'a pas démarré correctement
2026-06-16T14:35:11.077Z [launcher] Serveur non joignable après 60 tentatives
2026-06-16T14:35:11.078Z [launcher] Le serveur n'a pas démarré correctement
2026-06-16T14:35:11.079Z [launcher] Serveur non joignable après 60 tentatives
2026-06-16T14:35:11.079Z [launcher] Le serveur n'a pas démarré correctement
2026-06-16T14:35:11.080Z [launcher] Serveur non joignable après 60 tentatives
2026-06-16T14:35:11.080Z [launcher] Le serveur n'a pas démarré correctement
2026-06-16T14:35:11.080Z [launcher] Serveur non joignable après 60 tentatives
2026-06-16T14:35:11.081Z [launcher] Le serveur n'a pas démarré correctement
2026-06-16T14:35:11.082Z [launcher] Serveur non joignable après 60 tentatives
2026-06-16T14:35:11.082Z [launcher] Le serveur n'a pas démarré correctement
2026-06-16T14:35:11.083Z [launcher] Serveur non joignable après 60 tentatives
2026-06-16T14:35:11.083Z [launcher] Le serveur n'a pas démarré correctement
2026-06-16T14:35:11.084Z [launcher] Serveur non joignable après 60 tentatives
2026-06-16T14:35:11.084Z [launcher] Le serveur n'a pas démarré correctement
2026-06-16T14:35:11.086Z [launcher] Serveur non joignable après 60 tentatives
2026-06-16T14:35:11.086Z [launcher] Le serveur n'a pas démarré correctement
2026-06-16T14:35:11.087Z [launcher] Serveur non joignable après 60 tentatives
2026-06-16T14:35:11.088Z [launcher] Le serveur n'a pas démarré correctement
2026-06-16T14:35:11.089Z [launcher] Serveur non joignable après 60 tentatives
2026-06-16T14:35:11.089Z [launcher] Le serveur n'a pas démarré correctement
2026-06-16T14:35:11.090Z [launcher] Serveur non joignable après 60 tentatives
2026-06-16T14:35:11.091Z [launcher] Le serveur n'a pas démarré correctement
2026-06-16T14:35:11.092Z [launcher] Serveur non joignable après 60 tentatives
2026-06-16T14:35:11.093Z [launcher] Le serveur n'a pas démarré correctement
2026-06-16T14:35:11.335Z [launcher] Serveur non joignable après 60 tentatives
2026-06-16T14:35:11.335Z [launcher] Le serveur n'a pas démarré correctement
2026-06-16T14:35:11.336Z [launcher] Serveur non joignable après 60 tentatives
2026-06-16T14:35:11.336Z [launcher] Le serveur n'a pas démarré correctement
2026-06-16T14:35:11.337Z [launcher] Serveur non joignable après 60 tentatives
2026-06-16T14:35:11.337Z [launcher] Le serveur n'a pas démarré correctement
2026-06-16T14:35:11.338Z [launcher] Serveur non joignable après 60 tentatives
2026-06-16T14:35:11.338Z [launcher] Le serveur n'a pas démarré correctement
2026-06-16T14:35:11.339Z [launcher] Serveur non joignable après 60 tentatives
2026-06-16T14:35:11.339Z [launcher] Le serveur n'a pas démarré correctement
2026-06-16T14:35:11.339Z [launcher] Serveur non joignable après 60 tentatives
2026-06-16T14:35:11.340Z [launcher] Le serveur n'a pas démarré correctement
2026-06-16T14:35:11.340Z [launcher] Serveur non joignable après 60 tentatives
2026-06-16T14:35:11.341Z [launcher] Le serveur n'a pas démarré correctement
2026-06-16T14:35:11.341Z [launcher] Serveur non joignable après 60 tentatives
2026-06-16T14:35:11.342Z [launcher] Le serveur n'a pas démarré correctement
2026-06-16T14:35:11.342Z [launcher] Serveur non joignable après 60 tentatives
2026-06-16T14:35:11.342Z [launcher] Le serveur n'a pas démarré correctement
2026-06-16T14:35:11.343Z [launcher] Serveur non joignable après 60 tentatives
2026-06-16T14:35:11.343Z [launcher] Le serveur n'a pas démarré correctement
2026-06-16T14:35:11.344Z [launcher] Serveur non joignable après 60 tentatives
2026-06-16T14:35:11.344Z [launcher] Le serveur n'a pas démarré correctement
2026-06-16T14:35:11.345Z [launcher] Serveur non joignable après 60 tentatives
2026-06-16T14:35:11.345Z [launcher] Le serveur n'a pas démarré correctement
2026-06-16T14:35:11.346Z [launcher] Serveur non joignable après 60 tentatives
2026-06-16T14:35:11.346Z [launcher] Le serveur n'a pas démarré correctement
2026-06-16T14:35:11.347Z [launcher] Serveur non joignable après 60 tentatives
2026-06-16T14:35:11.347Z [launcher] Le serveur n'a pas démarré correctement
2026-06-16T14:35:11.347Z [launcher] Serveur non joignable après 60 tentatives
2026-06-16T14:35:11.348Z [launcher] Le serveur n'a pas démarré correctement
2026-06-16T14:35:11.348Z [launcher] Serveur non joignable après 60 tentatives
2026-06-16T14:35:11.349Z [launcher] Le serveur n'a pas démarré correctement
2026-06-16T14:35:11.349Z [launcher] Serveur non joignable après 60 tentatives
2026-06-16T14:35:11.350Z [launcher] Le serveur n'a pas démarré correctement
2026-06-16T14:35:11.350Z [launcher] Serveur non joignable après 60 tentatives
2026-06-16T14:35:11.351Z [launcher] Le serveur n'a pas démarré correctement
2026-06-16T14:35:11.351Z [launcher] Serveur non joignable après 60 tentatives
2026-06-16T14:35:11.352Z [launcher] Le serveur n'a pas démarré correctement
2026-06-16T14:35:11.352Z [launcher] Serveur non joignable après 60 tentatives
2026-06-16T14:35:11.352Z [launcher] Le serveur n'a pas démarré correctement
2026-06-16T14:35:11.353Z [launcher] Serveur non joignable après 60 tentatives
2026-06-16T14:35:11.353Z [launcher] Le serveur n'a pas démarré correctement
2026-06-16T14:35:11.354Z [launcher] Serveur non joignable après 60 tentatives
2026-06-16T14:35:11.355Z [launcher] Le serveur n'a pas démarré correctement
2026-06-16T14:35:11.355Z [launcher] Serveur non joignable après 60 tentatives
2026-06-16T14:35:11.356Z [launcher] Le serveur n'a pas démarré correctement
2026-06-16T14:35:11.356Z [launcher] Serveur non joignable après 60 tentatives
2026-06-16T14:35:11.357Z [launcher] Le serveur n'a pas démarré correctement
2026-06-16T14:35:11.357Z [launcher] Serveur non joignable après 60 tentatives
2026-06-16T14:35:11.358Z [launcher] Le serveur n'a pas démarré correctement
2026-06-16T14:35:11.358Z [launcher] Serveur non joignable après 60 tentatives
2026-06-16T14:35:11.358Z [launcher] Le serveur n'a pas démarré correctement
2026-06-16T14:35:11.359Z [launcher] Serveur non joignable après 60 tentatives
2026-06-16T14:35:11.359Z [launcher] Le serveur n'a pas démarré correctement
2026-06-16T14:35:11.360Z [launcher] Serveur non joignable après 60 tentatives
2026-06-16T14:35:11.360Z [launcher] Le serveur n'a pas démarré correctement
2026-06-16T14:35:11.361Z [launcher] Serveur non joignable après 60 tentatives
2026-06-16T14:35:11.361Z [launcher] Le serveur n'a pas démarré correctement
2026-06-16T14:35:11.632Z [launcher] Serveur non joignable après 60 tentatives
2026-06-16T14:35:11.632Z [launcher] Le serveur n'a pas démarré correctement
2026-06-16T14:35:11.633Z [launcher] Serveur non joignable après 60 tentatives
2026-06-16T14:35:11.633Z [launcher] Le serveur n'a pas démarré correctement
2026-06-16T14:35:11.634Z [launcher] Serveur non joignable après 60 tentatives
2026-06-16T14:35:11.634Z [launcher] Le serveur n'a pas démarré correctement
2026-06-16T14:35:11.637Z [launcher] Serveur non joignable après 60 tentatives
2026-06-16T14:35:11.638Z [launcher] Le serveur n'a pas démarré correctement
2026-06-16T14:35:11.639Z [launcher] Serveur non joignable après 60 tentatives
2026-06-16T14:35:11.639Z [launcher] Le serveur n'a pas démarré correctement
2026-06-16T14:35:11.644Z [launcher] Serveur non joignable après 60 tentatives
2026-06-16T14:35:11.644Z [launcher] Le serveur n'a pas démarré correctement
2026-06-16T14:35:11.645Z [launcher] Serveur non joignable après 60 tentatives
2026-06-16T14:35:11.645Z [launcher] Le serveur n'a pas démarré correctement
2026-06-16T14:35:11.646Z [launcher] Serveur non joignable après 60 tentatives
2026-06-16T14:35:11.646Z [launcher] Le serveur n'a pas démarré correctement
2026-06-16T14:35:11.647Z [launcher] Serveur non joignable après 60 tentatives
2026-06-16T14:35:11.647Z [launcher] Le serveur n'a pas démarré correctement
2026-06-16T14:35:11.648Z [launcher] Serveur non joignable après 60 tentatives
2026-06-16T14:35:11.648Z [launcher] Le serveur n'a pas démarré correctement
2026-06-16T14:35:11.732Z [launcher] Serveur non joignable après 60 tentatives
2026-06-16T14:35:11.733Z [launcher] Le serveur n'a pas démarré correctement
2026-06-16T14:35:11.742Z [launcher] Serveur non joignable après 60 tentatives
2026-06-16T14:35:11.743Z [launcher] Le serveur n'a pas démarré correctement
2026-06-16T14:35:11.743Z [launcher] Serveur non joignable après 60 tentatives
2026-06-16T14:35:11.744Z [launcher] Le serveur n'a pas démarré correctement
2026-06-16T14:35:11.745Z [launcher] Serveur non joignable après 60 tentatives
2026-06-16T14:35:11.745Z [launcher] Le serveur n'a pas démarré correctement
2026-06-16T14:35:11.746Z [launcher] Serveur non joignable après 60 tentatives
2026-06-16T14:35:11.746Z [launcher] Le serveur n'a pas démarré correctement
2026-06-16T14:35:11.747Z [launcher] Serveur non joignable après 60 tentatives
2026-06-16T14:35:11.747Z [launcher] Le serveur n'a pas démarré correctement
2026-06-16T14:35:11.748Z [launcher] Serveur non joignable après 60 tentatives
2026-06-16T14:35:11.748Z [launcher] Le serveur n'a pas démarré correctement
2026-06-16T14:35:11.749Z [launcher] Serveur non joignable après 60 tentatives
2026-06-16T14:35:11.749Z [launcher] Le serveur n'a pas démarré correctement
2026-06-16T14:35:11.750Z [launcher] Serveur non joignable après 60 tentatives
2026-06-16T14:35:11.751Z [launcher] Le serveur n'a pas démarré correctement
2026-06-16T14:35:11.751Z [launcher] Serveur non joignable après 60 tentatives
2026-06-16T14:35:11.753Z [launcher] Le serveur n'a pas démarré correctement
2026-06-16T14:35:11.753Z [launcher] Serveur non joignable après 60 tentatives
2026-06-16T14:35:11.754Z [launcher] Le serveur n'a pas démarré correctement
2026-06-16T14:35:11.754Z [launcher] Serveur non joignable après 60 tentatives
2026-06-16T14:35:11.755Z [launcher] Le serveur n'a pas démarré correctement
2026-06-16T14:35:11.755Z [launcher] Serveur non joignable après 60 tentatives
2026-06-16T14:35:11.756Z [launcher] Le serveur n'a pas démarré correctement
2026-06-16T14:35:11.756Z [launcher] Serveur non joignable après 60 tentatives
2026-06-16T14:35:11.757Z [launcher] Le serveur n'a pas démarré correctement
2026-06-16T14:35:11.758Z [launcher] Serveur non joignable après 60 tentatives
2026-06-16T14:35:11.758Z [launcher] Le serveur n'a pas démarré correctement
2026-06-16T14:35:11.759Z [launcher] Serveur non joignable après 60 tentatives
2026-06-16T14:35:11.759Z [launcher] Le serveur n'a pas démarré correctement
2026-06-16T14:35:11.760Z [launcher] Serveur non joignable après 60 tentatives
2026-06-16T14:35:11.760Z [launcher] Le serveur n'a pas démarré correctement
2026-06-16T14:35:11.761Z [launcher] Serveur non joignable après 60 tentatives
2026-06-16T14:35:11.761Z [launcher] Le serveur n'a pas démarré correctement
2026-06-16T14:35:11.762Z [launcher] Serveur non joignable après 60 tentatives
2026-06-16T14:35:11.762Z [launcher] Le serveur n'a pas démarré correctement
2026-06-16T14:35:11.763Z [launcher] Serveur non joignable après 60 tentatives
2026-06-16T14:35:11.763Z [launcher] Le serveur n'a pas démarré correctement
2026-06-16T14:35:11.764Z [launcher] Serveur non joignable après 60 tentatives
2026-06-16T14:35:11.764Z [launcher] Le serveur n'a pas démarré correctement
2026-06-16T14:35:11.765Z [launcher] Serveur non joignable après 60 tentatives
2026-06-16T14:35:11.765Z [launcher] Le serveur n'a pas démarré correctement
2026-06-16T14:35:11.766Z [launcher] Serveur non joignable après 60 tentatives
2026-06-16T14:35:11.766Z [launcher] Le serveur n'a pas démarré correctement
2026-06-16T14:35:11.766Z [launcher] Serveur non joignable après 60 tentatives
2026-06-16T14:35:11.767Z [launcher] Le serveur n'a pas démarré correctement
2026-06-16T14:35:11.768Z [launcher] Serveur non joignable après 60 tentatives
2026-06-16T14:35:11.768Z [launcher] Le serveur n'a pas démarré correctement
2026-06-16T14:35:11.769Z [launcher] Serveur non joignable après 60 tentatives
2026-06-16T14:35:11.770Z [launcher] Le serveur n'a pas démarré correctement
2026-06-16T14:35:11.771Z [launcher] Serveur non joignable après 60 tentatives
2026-06-16T14:35:11.771Z [launcher] Le serveur n'a pas démarré correctement
2026-06-16T14:35:11.772Z [launcher] Serveur non joignable après 60 tentatives
2026-06-16T14:35:11.773Z [launcher] Le serveur n'a pas démarré correctement
2026-06-16T14:35:11.774Z [launcher] Serveur non joignable après 60 tentatives
2026-06-16T14:35:11.775Z [launcher] Le serveur n'a pas démarré correctement
2026-06-16T14:35:11.775Z [launcher] Serveur non joignable après 60 tentatives
2026-06-16T14:35:11.776Z [launcher] Le serveur n'a pas démarré correctement
2026-06-16T14:35:11.776Z [launcher] Serveur non joignable après 60 tentatives
2026-06-16T14:35:11.777Z [launcher] Le serveur n'a pas démarré correctement
2026-06-16T14:35:11.777Z [launcher] Serveur non joignable après 60 tentatives
2026-06-16T14:35:11.777Z [launcher] Le serveur n'a pas démarré correctement
2026-06-16T14:35:11.778Z [launcher] Serveur non joignable après 60 tentatives
2026-06-16T14:35:11.778Z [launcher] Le serveur n'a pas démarré correctement
2026-06-16T14:35:11.779Z [launcher] Serveur non joignable après 60 tentatives
2026-06-16T14:35:11.779Z [launcher] Le serveur n'a pas démarré correctement
2026-06-16T14:35:11.801Z [launcher] Serveur non joignable après 60 tentatives
2026-06-16T14:35:11.802Z [launcher] Le serveur n'a pas démarré correctement
2026-06-16T14:35:11.803Z [launcher] Serveur non joignable après 60 tentatives
2026-06-16T14:35:11.804Z [launcher] Le serveur n'a pas démarré correctement
2026-06-16T14:35:11.805Z [launcher] Serveur non joignable après 60 tentatives
2026-06-16T14:35:11.805Z [launcher] Le serveur n'a pas démarré correctement
2026-06-16T14:35:11.806Z [launcher] Serveur non joignable après 60 tentatives
2026-06-16T14:35:11.806Z [launcher] Le serveur n'a pas démarré correctement
2026-06-16T14:35:11.808Z [launcher] Serveur non joignable après 60 tentatives
2026-06-16T14:35:11.809Z [launcher] Le serveur n'a pas démarré correctement
2026-06-16T14:35:11.809Z [launcher] Serveur non joignable après 60 tentatives
2026-06-16T14:35:11.810Z [launcher] Le serveur n'a pas démarré correctement
2026-06-16T14:35:11.810Z [launcher] Serveur non joignable après 60 tentatives
2026-06-16T14:35:11.811Z [launcher] Le serveur n'a pas démarré correctement
2026-06-16T14:35:11.811Z [launcher] Serveur non joignable après 60 tentatives
2026-06-16T14:35:11.812Z [launcher] Le serveur n'a pas démarré correctement
2026-06-16T14:35:11.812Z [launcher] Serveur non joignable après 60 tentatives
2026-06-16T14:35:11.813Z [launcher] Le serveur n'a pas démarré correctement
2026-06-16T14:35:11.813Z [launcher] Serveur non joignable après 60 tentatives
2026-06-16T14:35:11.814Z [launcher] Le serveur n'a pas démarré correctement
2026-06-16T14:35:11.814Z [launcher] Serveur non joignable après 60 tentatives
2026-06-16T14:35:11.815Z [launcher] Le serveur n'a pas démarré correctement
2026-06-16T14:35:12.136Z [launcher] Serveur non joignable après 60 tentatives
2026-06-16T14:35:12.136Z [launcher] Le serveur n'a pas démarré correctement
2026-06-16T14:35:12.170Z [launcher] Serveur non joignable après 60 tentatives
2026-06-16T14:35:12.171Z [launcher] Le serveur n'a pas démarré correctement
2026-06-16T14:35:12.171Z [launcher] Serveur non joignable après 60 tentatives
2026-06-16T14:35:12.172Z [launcher] Le serveur n'a pas démarré correctement
2026-06-16T14:35:12.172Z [launcher] Serveur non joignable après 60 tentatives
2026-06-16T14:35:12.173Z [launcher] Le serveur n'a pas démarré correctement
2026-06-16T14:35:12.173Z [launcher] Serveur non joignable après 60 tentatives
2026-06-16T14:35:12.174Z [launcher] Le serveur n'a pas démarré correctement
2026-06-16T14:35:12.175Z [launcher] Serveur non joignable après 60 tentatives
2026-06-16T14:35:12.175Z [launcher] Le serveur n'a pas démarré correctement
2026-06-16T14:35:12.176Z [launcher] Serveur non joignable après 60 tentatives
2026-06-16T14:35:12.176Z [launcher] Le serveur n'a pas démarré correctement
2026-06-16T14:35:12.177Z [launcher] Serveur non joignable après 60 tentatives
2026-06-16T14:35:12.177Z [launcher] Le serveur n'a pas démarré correctement
2026-06-16T14:35:12.178Z [launcher] Serveur non joignable après 60 tentatives
2026-06-16T14:35:12.178Z [launcher] Le serveur n'a pas démarré correctement
2026-06-16T14:35:12.179Z [launcher] Serveur non joignable après 60 tentatives
2026-06-16T14:35:12.179Z [launcher] Le serveur n'a pas démarré correctement
2026-06-16T14:35:12.180Z [launcher] Serveur non joignable après 60 tentatives
2026-06-16T14:35:12.180Z [launcher] Le serveur n'a pas démarré correctement
2026-06-16T14:35:12.181Z [launcher] Serveur non joignable après 60 tentatives
2026-06-16T14:35:12.182Z [launcher] Le serveur n'a pas démarré correctement
2026-06-16T14:35:12.423Z [launcher] Serveur non joignable après 60 tentatives
2026-06-16T14:35:12.424Z [launcher] Le serveur n'a pas démarré correctement
2026-06-16T14:35:12.435Z [launcher] Serveur non joignable après 60 tentatives
2026-06-16T14:35:12.437Z [launcher] Le serveur n'a pas démarré correctement
2026-06-16T14:35:12.439Z [launcher] Serveur non joignable après 60 tentatives
2026-06-16T14:35:12.440Z [launcher] Le serveur n'a pas démarré correctement
2026-06-16T14:35:12.441Z [launcher] Serveur non joignable après 60 tentatives
2026-06-16T14:35:12.444Z [launcher] Le serveur n'a pas démarré correctement
2026-06-16T14:35:12.447Z [launcher] Serveur non joignable après 60 tentatives
2026-06-16T14:35:12.449Z [launcher] Le serveur n'a pas démarré correctement
2026-06-16T14:35:12.450Z [launcher] Serveur non joignable après 60 tentatives
2026-06-16T14:35:12.451Z [launcher] Le serveur n'a pas démarré correctement
2026-06-16T14:35:12.454Z [launcher] Serveur non joignable après 60 tentatives
2026-06-16T14:35:12.457Z [launcher] Le serveur n'a pas démarré correctement
2026-06-16T14:35:12.458Z [launcher] Serveur non joignable après 60 tentatives
2026-06-16T14:35:12.459Z [launcher] Le serveur n'a pas démarré correctement
2026-06-16T14:35:12.460Z [launcher] Serveur non joignable après 60 tentatives
2026-06-16T14:35:12.461Z [launcher] Le serveur n'a pas démarré correctement
2026-06-16T14:35:12.462Z [launcher] Serveur non joignable après 60 tentatives
2026-06-16T14:35:12.462Z [launcher] Le serveur n'a pas démarré correctement
2026-06-16T14:35:12.463Z [launcher] Serveur non joignable après 60 tentatives
2026-06-16T14:35:12.464Z [launcher] Le serveur n'a pas démarré correctement
2026-06-16T14:35:13.254Z [launcher] Serveur non joignable après 60 tentatives
2026-06-16T14:35:13.255Z [launcher] Le serveur n'a pas démarré correctement
2026-06-16T14:35:13.303Z [launcher] Serveur non joignable après 60 tentatives
2026-06-16T14:35:13.303Z [launcher] Le serveur n'a pas démarré correctement
2026-06-16T14:35:13.304Z [launcher] Serveur non joignable après 60 tentatives
2026-06-16T14:35:13.304Z [launcher] Le serveur n'a pas démarré correctement
2026-06-16T14:35:13.306Z [launcher] Serveur non joignable après 60 tentatives
2026-06-16T14:35:13.306Z [launcher] Le serveur n'a pas démarré correctement
2026-06-16T14:35:13.307Z [launcher] Serveur non joignable après 60 tentatives
2026-06-16T14:35:13.307Z [launcher] Le serveur n'a pas démarré correctement
2026-06-16T14:35:13.308Z [launcher] Serveur non joignable après 60 tentatives
2026-06-16T14:35:13.309Z [launcher] Le serveur n'a pas démarré correctement
2026-06-16T14:35:13.310Z [launcher] Serveur non joignable après 60 tentatives
2026-06-16T14:35:13.310Z [launcher] Le serveur n'a pas démarré correctement
2026-06-16T14:35:13.310Z [launcher] Serveur non joignable après 60 tentatives
2026-06-16T14:35:13.311Z [launcher] Le serveur n'a pas démarré correctement
2026-06-16T14:35:13.311Z [launcher] Serveur non joignable après 60 tentatives
2026-06-16T14:35:13.311Z [launcher] Le serveur n'a pas démarré correctement
2026-06-16T14:35:13.312Z [launcher] Serveur non joignable après 60 tentatives
2026-06-16T14:35:13.312Z [launcher] Le serveur n'a pas démarré correctement
2026-06-16T14:35:13.313Z [launcher] Serveur non joignable après 60 tentatives
2026-06-16T14:35:13.313Z [launcher] Le serveur n'a pas démarré correctement
2026-06-16T14:35:13.314Z [launcher] Serveur non joignable après 60 tentatives
2026-06-16T14:35:13.314Z [launcher] Le serveur n'a pas démarré correctement
2026-06-16T14:35:13.315Z [launcher] Serveur non joignable après 60 tentatives
2026-06-16T14:35:13.315Z [launcher] Le serveur n'a pas démarré correctement
2026-06-16T14:35:13.316Z [launcher] Serveur non joignable après 60 tentatives
2026-06-16T14:35:13.316Z [launcher] Le serveur n'a pas démarré correctement
2026-06-16T14:35:13.316Z [launcher] Serveur non joignable après 60 tentatives
2026-06-16T14:35:13.317Z [launcher] Le serveur n'a pas démarré correctement
2026-06-16T14:35:13.317Z [launcher] Serveur non joignable après 60 tentatives
2026-06-16T14:35:13.318Z [launcher] Le serveur n'a pas démarré correctement
2026-06-16T14:35:13.336Z [launcher] Serveur non joignable après 60 tentatives
2026-06-16T14:35:13.337Z [launcher] Le serveur n'a pas démarré correctement
2026-06-16T14:35:13.338Z [launcher] Serveur non joignable après 60 tentatives
2026-06-16T14:35:13.338Z [launcher] Le serveur n'a pas démarré correctement
2026-06-16T14:35:13.339Z [launcher] Serveur non joignable après 60 tentatives
2026-06-16T14:35:13.340Z [launcher] Le serveur n'a pas démarré correctement
2026-06-16T14:35:13.340Z [launcher] Serveur non joignable après 60 tentatives
2026-06-16T14:35:13.341Z [launcher] Le serveur n'a pas démarré correctement
2026-06-16T14:35:13.341Z [launcher] Serveur non joignable après 60 tentatives
2026-06-16T14:35:13.342Z [launcher] Le serveur n'a pas démarré correctement
2026-06-16T14:35:13.342Z [launcher] Serveur non joignable après 60 tentatives
2026-06-16T14:35:13.342Z [launcher] Le serveur n'a pas démarré correctement
2026-06-16T14:35:13.343Z [launcher] Serveur non joignable après 60 tentatives
2026-06-16T14:35:13.343Z [launcher] Le serveur n'a pas démarré correctement
2026-06-16T14:35:13.344Z [launcher] Serveur non joignable après 60 tentatives
2026-06-16T14:35:13.344Z [launcher] Le serveur n'a pas démarré correctement
2026-06-16T14:35:13.344Z [launcher] Serveur non joignable après 60 tentatives
2026-06-16T14:35:13.345Z [launcher] Le serveur n'a pas démarré correctement
2026-06-16T14:35:13.345Z [launcher] Serveur non joignable après 60 tentatives
2026-06-16T14:35:13.346Z [launcher] Le serveur n'a pas démarré correctement
2026-06-16T14:35:13.346Z [launcher] Serveur non joignable après 60 tentatives
2026-06-16T14:35:13.346Z [launcher] Le serveur n'a pas démarré correctement
2026-06-16T14:35:13.347Z [launcher] Serveur non joignable après 60 tentatives
2026-06-16T14:35:13.347Z [launcher] Le serveur n'a pas démarré correctement
2026-06-16T14:35:13.348Z [launcher] Serveur non joignable après 60 tentatives
2026-06-16T14:35:13.348Z [launcher] Le serveur n'a pas démarré correctement
2026-06-16T14:35:13.688Z [launcher] Serveur non joignable après 60 tentatives
2026-06-16T14:35:13.689Z [launcher] Le serveur n'a pas démarré correctement
2026-06-16T14:35:13.690Z [launcher] Serveur non joignable après 60 tentatives
2026-06-16T14:35:13.691Z [launcher] Le serveur n'a pas démarré correctement
2026-06-16T14:35:13.692Z [launcher] Serveur non joignable après 60 tentatives
2026-06-16T14:35:13.693Z [launcher] Le serveur n'a pas démarré correctement
2026-06-16T14:35:13.695Z [launcher] Serveur non joignable après 60 tentatives
2026-06-16T14:35:13.695Z [launcher] Le serveur n'a pas démarré correctement
2026-06-16T14:35:13.697Z [launcher] Serveur non joignable après 60 tentatives
2026-06-16T14:35:13.697Z [launcher] Le serveur n'a pas démarré correctement
2026-06-16T14:35:13.699Z [launcher] Serveur non joignable après 60 tentatives
2026-06-16T14:35:13.699Z [launcher] Le serveur n'a pas démarré correctement
2026-06-16T14:35:13.701Z [launcher] Serveur non joignable après 60 tentatives
2026-06-16T14:35:13.701Z [launcher] Le serveur n'a pas démarré correctement
2026-06-16T14:35:13.703Z [launcher] Serveur non joignable après 60 tentatives
2026-06-16T14:35:13.704Z [launcher] Le serveur n'a pas démarré correctement
2026-06-16T14:35:13.705Z [launcher] Serveur non joignable après 60 tentatives
2026-06-16T14:35:13.706Z [launcher] Le serveur n'a pas démarré correctement
2026-06-16T14:35:13.988Z [launcher] Serveur non joignable après 60 tentatives
2026-06-16T14:35:13.988Z [launcher] Le serveur n'a pas démarré correctement
2026-06-16T14:35:14.102Z [launcher] Serveur non joignable après 60 tentatives
2026-06-16T14:35:14.103Z [launcher] Le serveur n'a pas démarré correctement
2026-06-16T14:35:14.119Z [launcher] Serveur non joignable après 60 tentatives
2026-06-16T14:35:14.120Z [launcher] Le serveur n'a pas démarré correctement
2026-06-16T14:35:14.120Z [launcher] Serveur non joignable après 60 tentatives
2026-06-16T14:35:14.121Z [launcher] Le serveur n'a pas démarré correctement
2026-06-16T14:35:14.122Z [launcher] Serveur non joignable après 60 tentatives
2026-06-16T14:35:14.122Z [launcher] Le serveur n'a pas démarré correctement
2026-06-16T14:35:14.123Z [launcher] Serveur non joignable après 60 tentatives
2026-06-16T14:35:14.124Z [launcher] Le serveur n'a pas démarré correctement
2026-06-16T14:35:14.125Z [launcher] Serveur non joignable après 60 tentatives
2026-06-16T14:35:14.126Z [launcher] Le serveur n'a pas démarré correctement
2026-06-16T14:35:14.126Z [launcher] Serveur non joignable après 60 tentatives
2026-06-16T14:35:14.127Z [launcher] Le serveur n'a pas démarré correctement
2026-06-16T14:35:14.127Z [launcher] Serveur non joignable après 60 tentatives
2026-06-16T14:35:14.127Z [launcher] Le serveur n'a pas démarré correctement
2026-06-16T14:35:14.137Z [launcher] Serveur non joignable après 60 tentatives
2026-06-16T14:35:14.138Z [launcher] Le serveur n'a pas démarré correctement
2026-06-16T14:35:14.139Z [launcher] Serveur non joignable après 60 tentatives
2026-06-16T14:35:14.139Z [launcher] Le serveur n'a pas démarré correctement
2026-06-16T14:35:14.140Z [launcher] Serveur non joignable après 60 tentatives
2026-06-16T14:35:14.140Z [launcher] Le serveur n'a pas démarré correctement
2026-06-16T14:35:14.568Z [launcher] Serveur non joignable après 60 tentatives
2026-06-16T14:35:14.568Z [launcher] Le serveur n'a pas démarré correctement
2026-06-16T14:35:14.603Z [launcher] Serveur non joignable après 60 tentatives
2026-06-16T14:35:14.604Z [launcher] Le serveur n'a pas démarré correctement
2026-06-16T14:35:14.604Z [launcher] Serveur non joignable après 60 tentatives
2026-06-16T14:35:14.605Z [launcher] Le serveur n'a pas démarré correctement
2026-06-16T14:35:14.605Z [launcher] Serveur non joignable après 60 tentatives
2026-06-16T14:35:14.606Z [launcher] Le serveur n'a pas démarré correctement
2026-06-16T14:35:14.606Z [launcher] Serveur non joignable après 60 tentatives
2026-06-16T14:35:14.607Z [launcher] Le serveur n'a pas démarré correctement
2026-06-16T14:35:14.607Z [launcher] Serveur non joignable après 60 tentatives
2026-06-16T14:35:14.607Z [launcher] Le serveur n'a pas démarré correctement
2026-06-16T14:35:14.608Z [launcher] Serveur non joignable après 60 tentatives
2026-06-16T14:35:14.608Z [launcher] Le serveur n'a pas démarré correctement
2026-06-16T14:35:14.609Z [launcher] Serveur non joignable après 60 tentatives
2026-06-16T14:35:14.610Z [launcher] Le serveur n'a pas démarré correctement
2026-06-16T14:35:14.610Z [launcher] Serveur non joignable après 60 tentatives
2026-06-16T14:35:14.611Z [launcher] Le serveur n'a pas démarré correctement
2026-06-16T14:35:14.611Z [launcher] Serveur non joignable après 60 tentatives
2026-06-16T14:35:14.611Z [launcher] Le serveur n'a pas démarré correctement
2026-06-16T14:35:14.612Z [launcher] Serveur non joignable après 60 tentatives
2026-06-16T14:35:14.612Z [launcher] Le serveur n'a pas démarré correctement
2026-06-16T14:35:14.613Z [launcher] Serveur non joignable après 60 tentatives
2026-06-16T14:35:14.613Z [launcher] Le serveur n'a pas démarré correctement
2026-06-16T14:35:14.653Z [launcher] Serveur non joignable après 60 tentatives
2026-06-16T14:35:14.654Z [launcher] Le serveur n'a pas démarré correctement
2026-06-16T14:35:14.655Z [launcher] Serveur non joignable après 60 tentatives
2026-06-16T14:35:14.656Z [launcher] Le serveur n'a pas démarré correctement
2026-06-16T14:35:14.657Z [launcher] Serveur non joignable après 60 tentatives
2026-06-16T14:35:14.658Z [launcher] Le serveur n'a pas démarré correctement
2026-06-16T14:35:14.659Z [launcher] Serveur non joignable après 60 tentatives
2026-06-16T14:35:14.660Z [launcher] Le serveur n'a pas démarré correctement
2026-06-16T14:35:14.660Z [launcher] Serveur non joignable après 60 tentatives
2026-06-16T14:35:14.661Z [launcher] Le serveur n'a pas démarré correctement
2026-06-16T14:35:14.661Z [launcher] Serveur non joignable après 60 tentatives
2026-06-16T14:35:14.662Z [launcher] Le serveur n'a pas démarré correctement
2026-06-16T14:35:14.662Z [launcher] Serveur non joignable après 60 tentatives
2026-06-16T14:35:14.662Z [launcher] Le serveur n'a pas démarré correctement
2026-06-16T14:35:14.663Z [launcher] Serveur non joignable après 60 tentatives
2026-06-16T14:35:14.663Z [launcher] Le serveur n'a pas démarré correctement
2026-06-16T14:35:14.664Z [launcher] Serveur non joignable après 60 tentatives
2026-06-16T14:35:14.664Z [launcher] Le serveur n'a pas démarré correctement
2026-06-16T14:35:14.665Z [launcher] Serveur non joignable après 60 tentatives
2026-06-16T14:35:14.665Z [launcher] Le serveur n'a pas démarré correctement
2026-06-16T14:35:14.666Z [launcher] Serveur non joignable après 60 tentatives
2026-06-16T14:35:14.666Z [launcher] Le serveur n'a pas démarré correctement
2026-06-16T14:35:14.667Z [launcher] Serveur non joignable après 60 tentatives
2026-06-16T14:35:14.667Z [launcher] Le serveur n'a pas démarré correctement
2026-06-16T14:35:14.668Z [launcher] Serveur non joignable après 60 tentatives
2026-06-16T14:35:14.668Z [launcher] Le serveur n'a pas démarré correctement
2026-06-16T14:35:14.669Z [launcher] Serveur non joignable après 60 tentatives
2026-06-16T14:35:14.670Z [launcher] Le serveur n'a pas démarré correctement
2026-06-16T14:35:14.671Z [launcher] Serveur non joignable après 60 tentatives
2026-06-16T14:35:14.672Z [launcher] Le serveur n'a pas démarré correctement
2026-06-16T14:35:14.672Z [launcher] Serveur non joignable après 60 tentatives
2026-06-16T14:35:14.673Z [launcher] Le serveur n'a pas démarré correctement
2026-06-16T14:35:14.673Z [launcher] Serveur non joignable après 60 tentatives
2026-06-16T14:35:14.674Z [launcher] Le serveur n'a pas démarré correctement
2026-06-16T14:35:14.674Z [launcher] Serveur non joignable après 60 tentatives
2026-06-16T14:35:14.675Z [launcher] Le serveur n'a pas démarré correctement
2026-06-16T14:35:14.675Z [launcher] Serveur non joignable après 60 tentatives
2026-06-16T14:35:14.676Z [launcher] Le serveur n'a pas démarré correctement
2026-06-16T14:35:14.676Z [launcher] Serveur non joignable après 60 tentatives
2026-06-16T14:35:14.677Z [launcher] Le serveur n'a pas démarré correctement
2026-06-16T14:35:14.735Z [launcher] Serveur non joignable après 60 tentatives
2026-06-16T14:35:14.736Z [launcher] Le serveur n'a pas démarré correctement
2026-06-16T14:35:14.737Z [launcher] Serveur non joignable après 60 tentatives
2026-06-16T14:35:14.737Z [launcher] Le serveur n'a pas démarré correctement
2026-06-16T14:35:14.939Z [launcher] Serveur non joignable après 60 tentatives
2026-06-16T14:35:14.940Z [launcher] Le serveur n'a pas démarré correctement
2026-06-16T14:35:15.021Z [launcher] Serveur non joignable après 60 tentatives
2026-06-16T14:35:15.021Z [launcher] Le serveur n'a pas démarré correctement
2026-06-16T14:35:15.022Z [launcher] Serveur non joignable après 60 tentatives
2026-06-16T14:35:15.022Z [launcher] Le serveur n'a pas démarré correctement
2026-06-16T14:35:15.023Z [launcher] Serveur non joignable après 60 tentatives
2026-06-16T14:35:15.023Z [launcher] Le serveur n'a pas démarré correctement
2026-06-16T14:35:15.024Z [launcher] Serveur non joignable après 60 tentatives
2026-06-16T14:35:15.024Z [launcher] Le serveur n'a pas démarré correctement
2026-06-16T14:35:15.025Z [launcher] Serveur non joignable après 60 tentatives
2026-06-16T14:35:15.025Z [launcher] Le serveur n'a pas démarré correctement
2026-06-16T14:35:15.026Z [launcher] Serveur non joignable après 60 tentatives
2026-06-16T14:35:15.026Z [launcher] Le serveur n'a pas démarré correctement
2026-06-16T14:35:15.027Z [launcher] Serveur non joignable après 60 tentatives
2026-06-16T14:35:15.027Z [launcher] Le serveur n'a pas démarré correctement
2026-06-16T14:35:15.028Z [launcher] Serveur non joignable après 60 tentatives
2026-06-16T14:35:15.028Z [launcher] Le serveur n'a pas démarré correctement
2026-06-16T14:35:15.029Z [launcher] Serveur non joignable après 60 tentatives
2026-06-16T14:35:15.029Z [launcher] Le serveur n'a pas démarré correctement
2026-06-16T14:35:15.029Z [launcher] Serveur non joignable après 60 tentatives
2026-06-16T14:35:15.030Z [launcher] Le serveur n'a pas démarré correctement
2026-06-16T14:35:15.030Z [launcher] Serveur non joignable après 60 tentatives
2026-06-16T14:35:15.031Z [launcher] Le serveur n'a pas démarré correctement
2026-06-16T14:35:15.031Z [launcher] Serveur non joignable après 60 tentatives
2026-06-16T14:35:15.032Z [launcher] Le serveur n'a pas démarré correctement
2026-06-16T14:35:15.032Z [launcher] Serveur non joignable après 60 tentatives
2026-06-16T14:35:15.033Z [launcher] Le serveur n'a pas démarré correctement
2026-06-16T14:35:15.033Z [launcher] Serveur non joignable après 60 tentatives
2026-06-16T14:35:15.034Z [launcher] Le serveur n'a pas démarré correctement
2026-06-16T14:35:15.034Z [launcher] Serveur non joignable après 60 tentatives
2026-06-16T14:35:15.034Z [launcher] Le serveur n'a pas démarré correctement
2026-06-16T14:35:15.035Z [launcher] Serveur non joignable après 60 tentatives
2026-06-16T14:35:15.035Z [launcher] Le serveur n'a pas démarré correctement
2026-06-16T14:35:15.036Z [launcher] Serveur non joignable après 60 tentatives
2026-06-16T14:35:15.038Z [launcher] Le serveur n'a pas démarré correctement
2026-06-16T14:35:15.038Z [launcher] Serveur non joignable après 60 tentatives
2026-06-16T14:35:15.039Z [launcher] Le serveur n'a pas démarré correctement
2026-06-16T14:35:15.040Z [launcher] Serveur non joignable après 60 tentatives
2026-06-16T14:35:15.040Z [launcher] Le serveur n'a pas démarré correctement
2026-06-16T14:35:15.041Z [launcher] Serveur non joignable après 60 tentatives
2026-06-16T14:35:15.042Z [launcher] Le serveur n'a pas démarré correctement
2026-06-16T14:35:15.043Z [launcher] Serveur non joignable après 60 tentatives
2026-06-16T14:35:15.043Z [launcher] Le serveur n'a pas démarré correctement
2026-06-16T14:35:15.043Z [launcher] Serveur non joignable après 60 tentatives
2026-06-16T14:35:15.044Z [launcher] Le serveur n'a pas démarré correctement
2026-06-16T14:35:15.055Z [launcher] Serveur non joignable après 60 tentatives
2026-06-16T14:35:15.055Z [launcher] Le serveur n'a pas démarré correctement
2026-06-16T14:35:15.056Z [launcher] Serveur non joignable après 60 tentatives
2026-06-16T14:35:15.056Z [launcher] Le serveur n'a pas démarré correctement
2026-06-16T14:35:15.057Z [launcher] Serveur non joignable après 60 tentatives
2026-06-16T14:35:15.058Z [launcher] Le serveur n'a pas démarré correctement
2026-06-16T14:35:15.058Z [launcher] Serveur non joignable après 60 tentatives
2026-06-16T14:35:15.059Z [launcher] Le serveur n'a pas démarré correctement
2026-06-16T14:35:15.060Z [launcher] Serveur non joignable après 60 tentatives
2026-06-16T14:35:15.060Z [launcher] Le serveur n'a pas démarré correctement
2026-06-16T14:35:15.061Z [launcher] Serveur non joignable après 60 tentatives
2026-06-16T14:35:15.061Z [launcher] Le serveur n'a pas démarré correctement
2026-06-16T14:35:15.062Z [launcher] Serveur non joignable après 60 tentatives
2026-06-16T14:35:15.062Z [launcher] Le serveur n'a pas démarré correctement
2026-06-16T14:35:15.063Z [launcher] Serveur non joignable après 60 tentatives
2026-06-16T14:35:15.063Z [launcher] Le serveur n'a pas démarré correctement
2026-06-16T14:35:15.087Z [launcher] Serveur non joignable après 60 tentatives
2026-06-16T14:35:15.088Z [launcher] Le serveur n'a pas démarré correctement
2026-06-16T14:35:15.088Z [launcher] Serveur non joignable après 60 tentatives
2026-06-16T14:35:15.088Z [launcher] Le serveur n'a pas démarré correctement
2026-06-16T14:35:15.089Z [launcher] Serveur non joignable après 60 tentatives
2026-06-16T14:35:15.090Z [launcher] Le serveur n'a pas démarré correctement
2026-06-16T14:35:15.090Z [launcher] Serveur non joignable après 60 tentatives
2026-06-16T14:35:15.091Z [launcher] Le serveur n'a pas démarré correctement
2026-06-16T14:35:15.092Z [launcher] Serveur non joignable après 60 tentatives
2026-06-16T14:35:15.092Z [launcher] Le serveur n'a pas démarré correctement
2026-06-16T14:35:15.093Z [launcher] Serveur non joignable après 60 tentatives
2026-06-16T14:35:15.093Z [launcher] Le serveur n'a pas démarré correctement
2026-06-16T14:35:15.094Z [launcher] Serveur non joignable après 60 tentatives
2026-06-16T14:35:15.094Z [launcher] Le serveur n'a pas démarré correctement
2026-06-16T14:35:15.095Z [launcher] Serveur non joignable après 60 tentatives
2026-06-16T14:35:15.095Z [launcher] Le serveur n'a pas démarré correctement
2026-06-16T14:35:15.096Z [launcher] Serveur non joignable après 60 tentatives
2026-06-16T14:35:15.096Z [launcher] Le serveur n'a pas démarré correctement
2026-06-16T14:35:15.097Z [launcher] Serveur non joignable après 60 tentatives
2026-06-16T14:35:15.097Z [launcher] Le serveur n'a pas démarré correctement
2026-06-16T14:35:15.098Z [launcher] Serveur non joignable après 60 tentatives
2026-06-16T14:35:15.098Z [launcher] Le serveur n'a pas démarré correctement
2026-06-19T00:38:12.042Z [launcher]   Erreur batch pré-sync, tentative individuelle...
